Repository initialized: 2026-01-27T11:54:22.274Z
[2026-01-27T11:54:27.567Z] Commit #1 - minor add new feature
[2026-01-27T11:54:32.064Z] Commit #2 - quick fix typo in comments
[2026-01-27T11:54:36.489Z] Commit #3 - minor fix typo in comments
[2026-01-27T11:54:40.978Z] Commit #4 - quick improve code formatting
[2026-01-27T11:54:45.879Z] Commit #5 - routine code cleanup
[2026-01-27T11:54:50.547Z] Commit #6 - minor update dependencies
[2026-01-27T11:54:55.254Z] Commit #7 - quick update documentation
[2026-01-27T11:54:59.657Z] Commit #8 - daily fix typo in comments
[2026-01-27T11:55:04.191Z] Commit #9 - small optimize performance
[2026-01-27T11:55:08.694Z] Commit #10 - minor fix minor bug
[2026-01-27T11:56:02.361Z] Commit #1 - routine update dependencies
[2026-01-27T12:11:06.556Z] Commit #1 - daily fix minor bug
[2026-01-27T12:20:00.034Z] Commit #2 - daily update documentation
[2026-01-27T13:26:32.762Z] Commit #1 - routine fix typo in comments
[2026-01-27T13:26:37.540Z] Commit #2 - weekly update documentation
[2026-01-27T13:26:42.060Z] Commit #3 - minor fix minor bug
[2026-01-27T13:26:46.455Z] Commit #4 - weekly code cleanup
[2026-01-27T13:26:51.168Z] Commit #5 - weekly update configuration
[2026-01-27T13:26:55.582Z] Commit #6 - minor improve code formatting
[2026-01-27T13:27:00.460Z] Commit #7 - routine improve code formatting
[2026-01-27T13:27:05.596Z] Commit #8 - routine update dependencies
[2026-01-27T13:27:10.036Z] Commit #9 - quick update configuration
[2026-01-27T13:27:14.425Z] Commit #10 - minor add new feature
[2026-01-27T13:27:18.786Z] Commit #11 - daily fix minor bug
[2026-01-27T13:27:23.176Z] Commit #12 - small update documentation
[2026-01-27T13:27:27.909Z] Commit #13 - quick improve code formatting
[2026-01-27T13:27:32.457Z] Commit #14 - daily update dependencies
[2026-01-27T13:27:36.848Z] Commit #15 - small fix minor bug
[2026-01-27T13:27:41.287Z] Commit #16 - weekly optimize performance
